/*C1*/SET SCHEMA SYSTEM_LOBS
INSERT INTO BLOCKS VALUES(0,2147483647,0)
COMMIT
/*C2*/SET SCHEMA PUBLIC
DROP TABLE IF EXISTS GAMES
CREATE TABLE GAMES (id INTEGER NOT NULL IDENTITY,name VARCHAR(30) NOT NULL, price DOUBLE,genre VARCHAR(30) NOT NULL,playerbase INTEGER,release DATE NOT NULL,multiplayer BIT)
INSERT INTO GAMES VALUES(0,'Multiversus',0.0E0,'FIGHTING',42177,'2022-07-19','1')
COMMIT
INSERT INTO GAMES VALUES(1,'COD Modern Warfare 2',79.99E0,'FPS',0,'2022-10-28','1')
COMMIT
INSERT INTO GAMES VALUES(2,'COD Modern Warfare',34.6E0,'FPS',170000,'2019-10-25','1')
COMMIT
INSERT INTO GAMES VALUES(3,'Smite',0.0E0,'FIGHTING',20664,'2014-03-25','1')
COMMIT
INSERT INTO GAMES VALUES(4,'Minecraft',24.99E0,'ADVENTURE',17000000,'2011-11-18','1')
COMMIT
INSERT INTO GAMES VALUES(5,'Phasmophobia',13.99E0,'HORROR',112604,'2020-09-18','1')
COMMIT
INSERT INTO GAMES VALUES(6,'Mario Party Superstars',49.99E0,'PARTY_GAME',3121,'2021-10-29','1')
COMMIT
INSERT INTO GAMES VALUES(7,'Portal 2',10.0E0,'PUZZLE',2587,'2011-04-18','1')
COMMIT
INSERT INTO GAMES VALUES(8,'The Booty Creek Cheek Freak',0.0E0,'HORROR',4400,'2022-07-19','0')
COMMIT
INSERT INTO GAMES VALUES(9,'Elden Ring',64.98E0,'ADVENTURE',150000,'2022-02-25','1')
COMMIT
INSERT INTO GAMES VALUES(10,'Gmod',9.99E0,'PUZZLE',44439,'2006-11-29','1')
COMMIT
INSERT INTO GAMES VALUES(11,'Rainbow Six Siege',19.99E0,'FPS',66141,'2015-12-01','1')
COMMIT
INSERT INTO GAMES VALUES(12,'Friday Night Funkin',0.0E0,'PARTY_GAME',25708,'2020-10-05','0')
COMMIT
INSERT INTO GAMES VALUES(13,'Devil May Cry 5',9.89E0,'ADVENTURE',5418,'2019-03-08','0')
COMMIT
INSERT INTO GAMES VALUES(14,'The Mortuary Assistant',24.99E0,'HORROR',265,'2022-08-02','0')
COMMIT
INSERT INTO GAMES VALUES(15,'Smite',100.0E0,'FIGHTING',10,'2020-02-12','1')
COMMIT
