<?xml version="1.0" encoding="windows-1252" standalone="no"?>
<!DOCTYPE log SYSTEM "logger.dtd">
<log>
<record>
  <date>2023-01-05T14:59:45.266318200Z</date>
  <millis>1672930785266</millis>
  <nanos>318200</nanos>
  <sequence>0</sequence>
  <logger>be.kdg.java2.gameproject.model.Game</logger>
  <level>SEVERE</level>
  <class>be.kdg.java2.gameproject.model.Game</class>
  <method>setPrice</method>
  <thread>1</thread>
  <message>-1,0, the price can't be negative</message>
</record>
<record>
  <date>2023-01-05T14:59:45.291096600Z</date>
  <millis>1672930785291</millis>
  <nanos>96600</nanos>
  <sequence>1</sequence>
  <logger>be.kdg.java2.gameproject.model.Game</logger>
  <level>SEVERE</level>
  <class>be.kdg.java2.gameproject.model.Game</class>
  <method>setName</method>
  <thread>1</thread>
  <message>, you need to fill in letters for a name</message>
</record>
<record>
  <date>2023-01-05T14:59:45.293179600Z</date>
  <millis>1672930785293</millis>
  <nanos>179600</nanos>
  <sequence>2</sequence>
  <logger>be.kdg.java2.gameproject.model.Game</logger>
  <level>SEVERE</level>
  <class>be.kdg.java2.gameproject.model.Game</class>
  <method>setGenre</method>
  <thread>1</thread>
  <message>null, wrong value for genre</message>
</record>
<record>
  <date>2023-01-05T14:59:45.294081300Z</date>
  <millis>1672930785294</millis>
  <nanos>81300</nanos>
  <sequence>3</sequence>
  <logger>be.kdg.java2.gameproject.model.Game</logger>
  <level>SEVERE</level>
  <class>be.kdg.java2.gameproject.model.Game</class>
  <method>setPlayerBase</method>
  <thread>1</thread>
  <message>-1, playerbase can't be negative</message>
</record>
<record>
  <date>2023-01-05T14:59:45.294081300Z</date>
  <millis>1672930785294</millis>
  <nanos>81300</nanos>
  <sequence>4</sequence>
  <logger>be.kdg.java2.gameproject.model.Game</logger>
  <level>SEVERE</level>
  <class>be.kdg.java2.gameproject.model.Game</class>
  <method>setReleaseDate</method>
  <thread>1</thread>
  <message>null, wrong value for release date</message>
</record>
<record>
  <date>2023-01-05T14:59:45.298120200Z</date>
  <millis>1672930785298</millis>
  <nanos>120200</nanos>
  <sequence>5</sequence>
  <logger>be.kdg.java2.gameproject.model.Games</logger>
  <level>FINER</level>
  <class>be.kdg.java2.gameproject.model.Games</class>
  <method>add</method>
  <thread>1</thread>
  <message>Game Multiversus added</message>
</record>
<record>
  <date>2023-01-05T14:59:45.298120200Z</date>
  <millis>1672930785298</millis>
  <nanos>120200</nanos>
  <sequence>6</sequence>
  <logger>be.kdg.java2.gameproject.model.Games</logger>
  <level>FINER</level>
  <class>be.kdg.java2.gameproject.model.Games</class>
  <method>add</method>
  <thread>1</thread>
  <message>Game COD Modern Warfare 2 added</message>
</record>
<record>
  <date>2023-01-05T14:59:45.298120200Z</date>
  <millis>1672930785298</millis>
  <nanos>120200</nanos>
  <sequence>7</sequence>
  <logger>be.kdg.java2.gameproject.model.Games</logger>
  <level>FINER</level>
  <class>be.kdg.java2.gameproject.model.Games</class>
  <method>add</method>
  <thread>1</thread>
  <message>Game COD Modern Warfare added</message>
</record>
<record>
  <date>2023-01-05T14:59:45.299083Z</date>
  <millis>1672930785299</millis>
  <nanos>83000</nanos>
  <sequence>8</sequence>
  <logger>be.kdg.java2.gameproject.model.Games</logger>
  <level>FINER</level>
  <class>be.kdg.java2.gameproject.model.Games</class>
  <method>add</method>
  <thread>1</thread>
  <message>Game Smite added</message>
</record>
<record>
  <date>2023-01-05T14:59:45.299083Z</date>
  <millis>1672930785299</millis>
  <nanos>83000</nanos>
  <sequence>9</sequence>
  <logger>be.kdg.java2.gameproject.model.Games</logger>
  <level>FINER</level>
  <class>be.kdg.java2.gameproject.model.Games</class>
  <method>add</method>
  <thread>1</thread>
  <message>Game Minecraft added</message>
</record>
<record>
  <date>2023-01-05T14:59:45.299083Z</date>
  <millis>1672930785299</millis>
  <nanos>83000</nanos>
  <sequence>10</sequence>
  <logger>be.kdg.java2.gameproject.model.Games</logger>
  <level>FINER</level>
  <class>be.kdg.java2.gameproject.model.Games</class>
  <method>add</method>
  <thread>1</thread>
  <message>Game Phasmophobia added</message>
</record>
<record>
  <date>2023-01-05T14:59:45.299587800Z</date>
  <millis>1672930785299</millis>
  <nanos>587800</nanos>
  <sequence>11</sequence>
  <logger>be.kdg.java2.gameproject.model.Games</logger>
  <level>FINER</level>
  <class>be.kdg.java2.gameproject.model.Games</class>
  <method>add</method>
  <thread>1</thread>
  <message>Game Mario Party Superstars added</message>
</record>
<record>
  <date>2023-01-05T14:59:45.299587800Z</date>
  <millis>1672930785299</millis>
  <nanos>587800</nanos>
  <sequence>12</sequence>
  <logger>be.kdg.java2.gameproject.model.Games</logger>
  <level>FINER</level>
  <class>be.kdg.java2.gameproject.model.Games</class>
  <method>add</method>
  <thread>1</thread>
  <message>Game Portal 2 added</message>
</record>
<record>
  <date>2023-01-05T14:59:45.300595400Z</date>
  <millis>1672930785300</millis>
  <nanos>595400</nanos>
  <sequence>13</sequence>
  <logger>be.kdg.java2.gameproject.model.Games</logger>
  <level>FINER</level>
  <class>be.kdg.java2.gameproject.model.Games</class>
  <method>add</method>
  <thread>1</thread>
  <message>Game The Booty Creek Cheek Freak added</message>
</record>
<record>
  <date>2023-01-05T14:59:45.300595400Z</date>
  <millis>1672930785300</millis>
  <nanos>595400</nanos>
  <sequence>14</sequence>
  <logger>be.kdg.java2.gameproject.model.Games</logger>
  <level>FINER</level>
  <class>be.kdg.java2.gameproject.model.Games</class>
  <method>add</method>
  <thread>1</thread>
  <message>Game Elden Ring added</message>
</record>
<record>
  <date>2023-01-05T14:59:45.300595400Z</date>
  <millis>1672930785300</millis>
  <nanos>595400</nanos>
  <sequence>15</sequence>
  <logger>be.kdg.java2.gameproject.model.Games</logger>
  <level>FINER</level>
  <class>be.kdg.java2.gameproject.model.Games</class>
  <method>add</method>
  <thread>1</thread>
  <message>Game Gmod added</message>
</record>
<record>
  <date>2023-01-05T14:59:45.300595400Z</date>
  <millis>1672930785300</millis>
  <nanos>595400</nanos>
  <sequence>16</sequence>
  <logger>be.kdg.java2.gameproject.model.Games</logger>
  <level>FINER</level>
  <class>be.kdg.java2.gameproject.model.Games</class>
  <method>add</method>
  <thread>1</thread>
  <message>Game Rainbow Six Siege added</message>
</record>
<record>
  <date>2023-01-05T14:59:45.301593Z</date>
  <millis>1672930785301</millis>
  <nanos>593000</nanos>
  <sequence>17</sequence>
  <logger>be.kdg.java2.gameproject.model.Games</logger>
  <level>FINER</level>
  <class>be.kdg.java2.gameproject.model.Games</class>
  <method>add</method>
  <thread>1</thread>
  <message>Game Friday Night Funkin added</message>
</record>
<record>
  <date>2023-01-05T14:59:45.301593Z</date>
  <millis>1672930785301</millis>
  <nanos>593000</nanos>
  <sequence>18</sequence>
  <logger>be.kdg.java2.gameproject.model.Games</logger>
  <level>FINER</level>
  <class>be.kdg.java2.gameproject.model.Games</class>
  <method>add</method>
  <thread>1</thread>
  <message>Game Devil May Cry 5 added</message>
</record>
<record>
  <date>2023-01-05T14:59:45.301593Z</date>
  <millis>1672930785301</millis>
  <nanos>593000</nanos>
  <sequence>19</sequence>
  <logger>be.kdg.java2.gameproject.model.Games</logger>
  <level>FINER</level>
  <class>be.kdg.java2.gameproject.model.Games</class>
  <method>add</method>
  <thread>1</thread>
  <message>Game The Mortuary Assistant added</message>
</record>
<record>
  <date>2023-01-05T14:59:45.301593Z</date>
  <millis>1672930785301</millis>
  <nanos>593000</nanos>
  <sequence>20</sequence>
  <logger>be.kdg.java2.gameproject.model.Games</logger>
  <level>FINER</level>
  <class>be.kdg.java2.gameproject.model.Games</class>
  <method>add</method>
  <thread>1</thread>
  <message>Game Smite added</message>
</record>
<record>
  <date>2023-01-05T14:59:45.301593Z</date>
  <millis>1672930785301</millis>
  <nanos>593000</nanos>
  <sequence>21</sequence>
  <logger>be.kdg.java2.gameproject.model.Games</logger>
  <level>FINER</level>
  <class>be.kdg.java2.gameproject.model.Games</class>
  <method>remove</method>
  <thread>1</thread>
  <message>You game has successfully been removed</message>
</record>
<record>
  <date>2023-01-05T14:59:45.302591800Z</date>
  <millis>1672930785302</millis>
  <nanos>591800</nanos>
  <sequence>22</sequence>
  <logger>be.kdg.java2.gameproject.model.Games</logger>
  <level>FINER</level>
  <class>be.kdg.java2.gameproject.model.Games</class>
  <method>remove</method>
  <thread>1</thread>
  <message>You game has successfully been removed</message>
</record>
</log>
